[0.005s] Invoking command in '/home/euntaek/ws_mobile/build/mobile_robot': /usr/bin/cmake --build /home/euntaek/ws_mobile/build/mobile_robot -- -j24 -l24
[0.044s] -- Found ament_cmake: 1.3.12 (/opt/ros/humble/share/ament_cmake/cmake)
[0.116s] Traceback (most recent call last):
[0.116s]   File "/opt/ros/humble/share/ament_cmake_core/cmake/package_templates/templates_2_cmake.py", line 21, in <module>
[0.116s]     from ament_package.templates import get_environment_hook_template_path
[0.117s] ModuleNotFoundError: No module named 'ament_package'
[0.122s] [31mCMake Error at /opt/ros/humble/share/ament_cmake_core/cmake/ament_cmake_package_templates-extras.cmake:41 (message):
[0.122s]   execute_process(/usr/bin/python3
[0.122s]   /opt/ros/humble/share/ament_cmake_core/cmake/package_templates/templates_2_cmake.py
[0.122s]   /home/euntaek/ws_mobile/build/mobile_robot/ament_cmake_package_templates/templates.cmake)
[0.122s]   returned error code 1
[0.122s] Call Stack (most recent call first):
[0.122s]   /opt/ros/humble/share/ament_cmake_core/cmake/ament_cmake_coreConfig.cmake:41 (include)
[0.122s]   /opt/ros/humble/share/ament_cmake/cmake/ament_cmake_export_dependencies-extras.cmake:15 (find_package)
[0.122s]   /opt/ros/humble/share/ament_cmake/cmake/ament_cmakeConfig.cmake:41 (include)
[0.122s]   CMakeLists.txt:9 (find_package)
[0.122s] 
[0.122s] [0m
[0.122s] -- Configuring incomplete, errors occurred!
[0.122s] See also "/home/euntaek/ws_mobile/build/mobile_robot/CMakeFiles/CMakeOutput.log".
[0.125s] gmake: *** [Makefile:226: cmake_check_build_system] ì˜¤ë¥˜ 1
[0.126s] Invoked command in '/home/euntaek/ws_mobile/build/mobile_robot' returned '2': /usr/bin/cmake --build /home/euntaek/ws_mobile/build/mobile_robot -- -j24 -l24
